(2,2,2) branching
(5,1,2) non-branching
(6,1,2) branching
(9,1,2) branching
(12,3,2) non-branching
(13,1,2) branching
(13,3,2) branching
(16,1,2) branching
(18,2,2) non-branching
(19,2,2) branching
(23,1,2) non-branching
(24,1,2) branching
(25,2,2) branching
(28,2,2) branching
(31,2,2) branching
(36,2,2) non-branching
(37,2,2) branching
(38,2,2) branching
(41,1,2) branching
(43,2,2) branching
(44,2,2) branching
(52,2,2) branching
(62,1,2) non-branching
(62,2,2) non-branching
(63,1,2) non-branching
(63,2,2) branching
(64,1,2) non-branching
(65,1,2) branching
(70,1,2) branching
(76,2,2) branching
(82,2,2) non-branching
(83,2,2) branching
(88,2,2) branching
(91,1,2) branching
(92,2,2) non-branching
(93,2,2) non-branching
(94,2,2) non-branching
(95,2,2) branching
(98,1,2) non-branching
(99,1,2) branching
(103,2,2) branching
(106,1,2) branching
(108,1,2) branching
(111,2,2) branching
(111,3,2) branching
(114,2,2) branching
(118,1,2) non-branching
(119,1,2) branching
(122,2,2) non-branching
(123,2,2) branching
(128,2,2) branching
(131,1,2) branching
(135,1,2) branching
(135,4,2) non-branching
(136,4,2) non-branching
(137,1,2) branching
(137,4,2) branching
(139,1,2) branching
(139,5,2) non-branching
(140,5,2) branching
(141,1,2) branching
(143,1,2) non-branching
(144,1,2) branching
(144,4,2) branching
(146,1,2) branching
(148,1,2) branching
(151,2,2) branching
(160,2,2) non-branching
(161,2,2) non-branching
(162,2,2) branching
(170,1,2) branching
(171,2,2) branching
(174,1,2) branching
(176,1,2) branching
(178,3,2) branching
(179,1,2) branching
(182,1,2) non-branching
(183,1,2) branching
(185,1,2) branching
(188,1,2) non-branching
(189,1,2) branching
(189,3,2) non-branching
(190,3,2) branching
(192,1,2) branching
(197,1,2) branching
(198,2,2) non-branching
(199,2,2) branching
(207,1,2) non-branching
(208,1,2) branching
(209,2,2) branching
(212,1,2) branching
(214,1,2) non-branching
(215,1,2) branching
(226,1,2) branching
(232,2,2) branching
(235,1,2) non-branching
(236,1,2) branching
(238,2,2) branching
(239,2,2) branching
(246,2,2) branching
(250,1,2) non-branching
(251,1,2) branching
(251,3,2) branching
(254,1,2) branching
(256,1,2) non-branching
(257,1,2) branching
(260,1,2) branching
(261,2,2) branching
(262,2,2) branching
(262,3,2) branching
(265,2,2) branching
(268,1,2) branching
(271,1,2) non-branching
(272,1,2) branching
(273,2,2) branching
(276,1,2) branching
(280,1,2) branching
(284,3,2) branching
(286,4,2) non-branching
(287,4,2) non-branching
(288,4,2) non-branching
(289,4,2) branching
(297,1,2) branching
(299,1,2) branching
(301,1,2) non-branching
(302,1,2) branching
(306,2,2) branching
(309,1,2) non-branching
(310,1,2) branching
(315,2,2) branching
(321,2,2) branching
(324,2,2) branching
(334,1,2) branching
(336,2,2) branching
(337,2,2) non-branching
(338,2,2) non-branching
(339,2,2) branching
(343,1,2) branching
(345,1,2) non-branching
(346,1,2) branching
(348,2,2) branching
(357,2,2) branching
(361,1,2) branching
(363,1,2) non-branching
(364,1,2) branching
(369,2,2) branching
(375,2,2) branching
(386,4,2) branching
(388,1,2) non-branching
(389,1,2) branching
(392,1,2) branching
(395,2,2) branching
(398,1,2) branching
(400,2,2) branching
(401,2,2) branching
(401,3,2) branching
(404,2,2) branching
(408,1,2) non-branching
(409,1,2) branching
(414,1,2) non-branching
(414,2,2) branching
(414,5,2) branching
(415,1,2) non-branching
(416,1,2) branching
(419,1,2) non-branching
(419,2,2) branching
(420,1,2) non-branching
(421,1,2) branching
(425,1,2) non-branching
(425,2,2) branching
(426,1,2) non-branching
(427,1,2) branching
(430,1,2) branching
(431,3,2) branching
(432,2,2) non-branching
(432,4,2) branching
(433,2,2) non-branching
(434,2,2) non-branching
(435,2,2) branching
(439,1,2) branching
(442,2,2) non-branching
(443,2,2) branching
(448,2,2) branching
(454,3,2) non-branching
(455,3,2) branching
(457,2,2) branching
(458,2,2) branching
(462,1,2) non-branching
(463,1,2) branching
(465,1,2) non-branching
(466,1,2) branching
(474,2,2) branching
(477,2,2) branching
(482,1,2) branching
(484,2,2) non-branching
(485,2,2) branching
(489,5,2) non-branching
(490,5,2) non-branching
(491,4,2) branching
(491,5,2) branching
(492,1,2) non-branching
(493,1,2) branching
(497,1,2) non-branching
(498,1,2) branching
(499,2,2) branching
(500,2,2) branching
(503,1,2) branching
(506,1,2) branching
(509,2,2) branching
(513,1,2) branching
(514,2,2) non-branching
(515,2,2) branching
(518,1,2) branching
(520,1,2) branching
(522,1,2) non-branching
(523,1,2) branching
(528,1,2) branching
(529,3,2) branching
(530,1,2) branching
(533,1,2) non-branching
(534,1,2) branching
(540,1,2) branching
(546,2,2) branching
(547,2,2) branching
(551,1,2) non-branching
(552,1,2) branching
(553,4,2) branching
(558,2,2) non-branching
(559,2,2) branching
(560,2,2) branching
(563,1,2) non-branching
(564,1,2) branching
(569,1,2) branching
(570,2,2) branching
(571,2,2) branching
(574,1,2) branching
(576,1,2) branching
(580,1,2) branching
(582,4,2) non-branching
(583,4,2) branching
(588,2,2) non-branching
(589,2,2) branching
(590,2,2) branching
(593,2,2) branching
(598,2,2) branching
(601,1,2) non-branching
(602,1,2) branching
(604,1,2) branching
(605,2,2) branching
(608,1,2) non-branching
(609,1,2) branching
(611,1,2) non-branching
(612,1,2) branching
(613,2,2) branching
(622,2,2) branching
(625,1,2) branching
(627,2,2) branching
(631,2,2) non-branching
(632,2,2) branching
(638,1,2) branching
(640,1,2) branching
(643,3,2) branching
(645,2,2) branching
(646,2,2) non-branching
(647,2,2) non-branching
(647,3,2) non-branching
(648,2,2) branching
(648,3,2) branching
(651,2,2) non-branching
(652,2,2) branching
(653,2,2) branching
(655,2,2) non-branching
(656,2,2) non-branching
(657,2,2) non-branching
(658,2,2) branching
(661,1,2) branching
(664,4,2) branching
(666,1,2) non-branching
(667,1,2) branching
(668,2,2) branching
(669,2,2) non-branching
(670,2,2) non-branching
(671,2,2) branching
(675,2,2) non-branching
(676,2,2) non-branching
(677,2,2) branching
(680,1,2) non-branching
(681,1,2) non-branching
(682,1,2) branching
(684,1,2) branching
(687,2,2) branching
(691,2,2) branching
(692,2,2) non-branching
(693,2,2) non-branching
(694,2,2) branching
(699,1,2) branching
(701,2,2) branching
(705,1,2) branching
(706,5,2) branching
(708,1,2) branching
(713,2,2) branching
(720,2,2) branching
(723,1,2) branching
(725,1,2) branching
(726,2,2) non-branching
(727,2,2) branching
(730,1,2) branching
(733,1,2) branching
(739,1,2) branching
(741,1,2) non-branching
(741,2,2) branching
(742,1,2) non-branching
(743,1,2) branching
(746,1,2) branching
(747,2,2) branching
(748,2,2) branching
(748,3,2) branching
(751,2,2) branching
(755,1,2) branching
(758,2,2) branching
(758,6,2) branching
(761,1,2) non-branching
(762,1,2) branching
(762,5,2) branching
(763,2,2) non-branching
(764,2,2) branching
(767,1,2) branching
(769,2,2) non-branching
(770,2,2) branching
(771,2,2) branching
(780,1,2) branching
(789,1,2) non-branching
(790,1,2) branching
(793,1,2) non-branching
(794,1,2) branching
(796,4,2) branching
(797,5,2) non-branching
(798,5,2) branching
(801,2,2) branching
(807,2,2) branching
(810,1,2) branching
(812,3,2) non-branching
(813,3,2) non-branching
(814,3,2) branching
(816,2,2) branching
(816,8,2) non-branching
(817,2,2) branching
(817,8,2) non-branching
(818,8,2) branching
(823,2,2) non-branching
(824,2,2) branching
(825,2,2) branching
(831,2,2) branching
(839,1,2) branching
(841,3,2) branching
(843,2,2) branching
(844,2,2) branching
(847,1,2) branching
(849,1,2) branching
(852,3,2) branching
(853,1,2) branching
(860,1,2) branching
(862,2,2) branching
(863,2,2) branching
(865,3,2) branching
(869,1,2) branching
(871,1,2) non-branching
(872,1,2) branching
(880,1,2) branching
(884,1,2) branching
(888,4,2) branching
(893,1,2) non-branching
(893,2,2) branching
(894,1,2) non-branching
(895,1,2) branching
(898,6,2) branching
(900,1,2) branching
(905,1,2) non-branching
(906,1,2) branching
(911,2,2) branching
(915,2,2) branching
(916,2,2) branching
(918,5,2) branching
(919,1,2) branching
(924,2,2) branching
(927,1,2) branching
(930,2,2) branching
(933,1,2) branching
(934,2,2) non-branching
(935,2,2) branching
(938,2,2) non-branching
(939,2,2) branching
(943,1,2) non-branching
(944,1,2) branching
(946,1,2) non-branching
(946,3,2) branching
(947,1,2) non-branching
(948,1,2) non-branching
(949,1,2) branching
(951,2,2) non-branching
(952,2,2) branching
(957,1,2) branching
(963,4,2) branching
(968,1,2) branching
(969,2,2) branching
(975,1,2) non-branching
(976,1,2) branching
(978,1,2) branching
(984,1,2) branching
(985,2,2) branching
(988,1,2) branching
(990,1,2) non-branching
(991,1,2) branching
(993,1,2) non-branching
(993,2,2) non-branching
(994,1,2) non-branching
(994,2,2) branching
(995,1,2) non-branching
(996,1,2) branching
(997,2,2) non-branching
(998,2,2) branching
(1004,1,2) non-branching
(1005,1,2) branching
(1007,1,2) non-branching
(1008,1,2) branching
(1010,2,2) branching
(1015,1,2) branching
(1017,1,2) non-branching
(1018,1,2) branching
(1021,1,2) branching
(1029,3,2) branching
(1035,2,2) branching
(1036,2,2) branching
(1039,1,2) branching
(1045,2,2) branching
(1050,1,2) non-branching
(1051,1,2) branching
(1055,5,2) branching
(1056,1,2) non-branching
(1056,2,2) branching
(1057,1,2) non-branching
(1058,1,2) branching
(1062,1,2) non-branching
(1063,1,2) branching
(1067,1,2) branching
(1073,1,2) branching
(1075,1,2) branching
(1082,1,2) branching
(1084,1,2) non-branching
(1085,1,2) branching
(1087,1,2) branching
(1089,1,2) branching
(1091,1,2) non-branching
(1092,1,2) branching
(1097,2,2) branching
(1102,2,2) branching
(1103,2,2) non-branching
(1104,2,2) non-branching
(1105,2,2) branching
(1108,1,2) branching
(1111,2,2) non-branching
(1111,4,2) branching
(1112,2,2) non-branching
(1112,4,2) branching
(1113,2,2) non-branching
(1114,2,2) non-branching
(1115,2,2) branching
(1121,1,2) branching
(1126,3,2) non-branching
(1127,1,2) branching
(1127,3,2) branching
(1128,3,2) branching
(1130,1,2) branching
(1133,1,2) branching
(1136,2,2) non-branching
(1137,2,2) branching
(1140,1,2) non-branching
(1141,1,2) branching
(1143,1,2) branching
(1144,3,2) branching
(1145,1,2) branching
(1150,2,2) branching
(1153,1,2) non-branching
(1154,1,2) non-branching
(1155,1,2) branching
(1159,1,2) non-branching
(1160,1,2) branching
(1162,1,2) non-branching
(1163,1,2) branching
(1166,2,2) non-branching
(1167,2,2) branching
(1170,1,2) non-branching
(1171,1,2) branching
(1174,1,2) non-branching
(1175,1,2) branching
(1184,2,2) branching
(1187,1,2) branching
(1189,1,2) branching
(1192,1,2) branching
(1198,1,2) branching
(1201,2,2) branching
(1204,1,2) branching
(1206,1,2) non-branching
(1207,1,2) branching
(1211,5,2) branching
(1214,2,2) branching
(1214,3,2) branching
(1217,2,2) branching
(1220,1,2) branching
(1222,1,2) branching
(1226,1,2) branching
(1228,1,2) non-branching
(1229,1,2) branching
(1231,1,2) non-branching
(1232,1,2) branching
(1236,2,2) branching
(1241,2,2) branching
(1244,1,2) branching
(1246,1,2) branching
(1248,1,2) branching
(1251,1,2) non-branching
(1252,1,2) branching
(1263,1,2) non-branching
(1264,1,2) branching
(1265,3,2) branching
(1266,4,2) branching
(1269,1,2) branching
(1271,4,2) branching
(1278,2,2) branching
(1283,2,2) branching
(1287,1,2) branching
(1289,1,2) branching
(1292,2,2) branching
(1295,1,2) non-branching
(1296,1,2) branching
(1301,2,2) branching
(1309,2,2) branching
(1310,2,2) branching
(1315,4,2) non-branching
(1316,2,2) non-branching
(1316,4,2) branching
(1317,2,2) non-branching
(1318,2,2) non-branching
(1318,3,2) non-branching
(1319,2,2) branching
(1319,3,2) branching
(1322,2,2) branching
(1326,2,2) non-branching
(1327,2,2) non-branching
(1328,2,2) branching
(1329,2,2) branching
(1335,2,2) branching
(1343,2,2) branching
(1347,1,2) branching
(1353,1,2) branching
(1358,1,2) branching
(1363,2,2) branching
(1372,4,2) branching
(1377,2,2) branching
(1390,1,2) branching
(1392,2,2) branching
(1395,1,2) branching
(1401,1,2) branching
(1403,1,2) non-branching
(1403,2,2) branching
(1404,1,2) non-branching
(1405,1,2) branching
(1413,2,2) branching
(1414,2,2) branching
(1420,2,2) branching
(1421,2,2) branching
(1427,1,2) branching
(1428,2,2) branching
(1433,2,2) non-branching
(1434,2,2) non-branching
(1435,2,2) branching
(1438,2,2) branching
(1441,2,2) branching
(1442,2,2) branching
(1444,8,2) branching
(1446,1,2) non-branching
(1447,1,2) branching
(1449,2,2) branching
(1450,2,2) branching
(1453,1,2) non-branching
(1453,2,2) branching
(1454,1,2) non-branching
(1455,1,2) branching
(1457,1,2) non-branching
(1457,2,2) branching
(1458,1,2) non-branching
(1459,1,2) branching
(1461,1,2) branching
(1466,1,2) branching
(1470,2,2) branching
(1471,4,2) branching
(1476,1,2) branching
(1478,1,2) branching
(1482,1,2) branching
(1484,2,2) branching
(1485,2,2) branching
(1489,1,2) non-branching
(1490,1,2) branching
(1496,2,2) branching
(1497,3,2) branching
(1499,1,2) branching
(1500,2,2) non-branching
(1501,2,2) branching
(1504,1,2) branching
(1506,1,2) non-branching
(1506,2,2) branching
(1507,1,2) non-branching
(1508,1,2) branching
(1516,1,2) branching
(1519,1,2) non-branching
(1520,1,2) branching
(1524,3,2) branching
(1528,1,2) branching
(1530,1,2) non-branching
(1531,1,2) branching
(1535,2,2) branching
(1541,1,2) branching
(1548,2,2) branching
(1555,1,2) non-branching
(1556,1,2) branching
(1562,1,2) branching
(1564,1,2) branching
(1567,2,2) branching
(1568,2,2) non-branching
(1568,4,2) non-branching
(1569,2,2) non-branching
(1569,4,2) non-branching
(1570,2,2) non-branching
(1570,4,2) branching
(1571,2,2) non-branching
(1571,4,2) branching
(1572,2,2) non-branching
(1573,2,2) non-branching
(1573,3,2) branching
(1574,2,2) branching
(1583,2,2) branching
(1584,2,2) branching
(1586,4,2) non-branching
(1587,1,2) branching
(1587,4,2) branching
(1590,4,2) branching
(1591,1,2) branching
(1597,1,2) branching
(1600,1,2) non-branching
(1600,2,2) non-branching
(1600,3,2) non-branching
(1601,1,2) non-branching
(1601,2,2) non-branching
(1601,3,2) non-branching
(1602,1,2) non-branching
(1602,2,2) non-branching
(1602,3,2) branching
(1603,1,2) non-branching
(1603,2,2) non-branching
(1604,1,2) non-branching
(1604,2,2) branching
(1605,1,2) non-branching
(1606,1,2) branching
(1610,1,2) branching
(1615,2,2) branching
(1620,1,2) branching
(1624,2,2) branching
(1635,2,2) non-branching
(1636,2,2) branching
(1639,1,2) branching
(1640,2,2) branching
(1643,1,2) branching
(1645,2,2) branching
(1646,2,2) branching
(1650,2,2) branching
(1653,1,2) non-branching
(1654,1,2) branching
(1659,1,2) branching
(1661,1,2) branching
(1663,3,2) branching
(1667,1,2) non-branching
(1668,1,2) branching
(1678,1,2) branching
(1680,2,2) branching
(1683,2,2) branching
(1685,6,2) branching
(1689,1,2) branching
(1694,2,2) branching
(1697,3,2) branching
(1698,1,2) branching
(1701,1,2) branching
(1704,1,2) non-branching
(1705,1,2) branching
(1709,2,2) non-branching
(1710,2,2) branching
(1713,2,2) branching
(1718,1,2) branching
(1725,1,2) branching
(1729,1,2) branching
(1733,2,2) branching
(1736,1,2) non-branching
(1737,1,2) branching
(1740,1,2) branching
(1745,1,2) branching
(1749,1,2) branching
(1751,2,2) branching
(1752,2,2) branching
(1761,1,2) non-branching
(1761,2,2) branching
(1762,1,2) non-branching
(1763,1,2) branching
(1767,2,2) branching
(1770,1,2) branching
(1772,2,2) branching
(1775,1,2) branching
(1777,1,2) non-branching
(1778,1,2) branching
(1782,1,2) branching
(1789,2,2) branching
(1790,4,2) branching
(1792,1,2) branching
(1792,6,2) non-branching
(1793,6,2) non-branching
(1794,6,2) branching
(1795,1,2) non-branching
(1795,2,2) non-branching
(1796,1,2) non-branching
(1796,2,2) branching
(1797,1,2) non-branching
(1798,1,2) branching
(1801,2,2) branching
(1802,3,2) branching
(1804,1,2) branching
(1804,5,2) non-branching
(1805,5,2) branching
(1812,4,2) branching
(1817,1,2) non-branching
(1817,2,2) branching
(1818,1,2) non-branching
(1819,1,2) branching
(1822,1,2) branching
(1826,2,2) branching
(1831,2,2) branching
(1834,1,2) branching
(1841,2,2) branching
(1842,2,2) branching
(1846,1,2) non-branching
(1846,2,2) branching
(1847,1,2) non-branching
(1848,1,2) branching
(1849,2,2) branching
(1850,2,2) branching
(1854,1,2) branching
(1855,4,2) branching
(1857,1,2) branching
(1861,1,2) branching
(1865,2,2) branching
(1868,1,2) branching
(1871,1,2) non-branching
(1872,1,2) branching
(1877,2,2) branching
(1877,3,2) branching
(1880,2,2) branching
(1883,1,2) branching
(1885,1,2) branching
(1894,2,2) branching
(1894,3,2) branching
(1897,2,2) branching
(1899,5,2) branching
(1900,2,2) branching
(1906,2,2) branching
(1915,2,2) branching
(1930,2,2) non-branching
(1931,2,2) branching
(1938,1,2) non-branching
(1939,1,2) branching
(1943,1,2) branching
(1945,1,2) branching
(1954,2,2) branching
(1959,2,2) branching
(1966,2,2) branching
(1967,2,2) branching
(1971,1,2) branching
(1972,2,2) non-branching
(1973,2,2) non-branching
(1974,2,2) branching
(1975,2,2) branching
(1982,1,2) branching
(1982,6,2) branching
(1987,1,2) non-branching
(1988,1,2) branching
(1991,3,2) branching
(1992,1,2) branching
(1997,1,2) non-branching
(1998,1,2) branching
(2003,2,2) non-branching
(2004,2,2) branching
(2020,1,2) branching
(2022,1,2) branching
(2026,2,2) branching
(2037,2,2) branching
(2038,3,2) branching
(2040,1,2) branching
(2049,3,2) branching
(2051,1,2) branching
(2052,2,2) non-branching
(2053,2,2) branching
(2056,1,2) branching
(2058,1,2) branching
(2064,1,2) branching
(2066,2,2) non-branching
(2067,2,2) branching
(2071,1,2) branching
(2073,2,2) branching
(2076,2,2) branching
(2082,1,2) non-branching
(2083,1,2) branching
(2085,2,2) branching
(2085,3,2) branching
(2086,3,2) non-branching
(2087,3,2) branching
(2088,2,2) branching
(2091,5,2) branching
(2093,1,2) non-branching
(2093,2,2) branching
(2094,1,2) non-branching
(2095,1,2) branching
(2098,1,2) non-branching
(2099,1,2) branching
(2107,1,2) branching
(2109,2,2) branching
(2113,1,2) non-branching
(2113,2,2) non-branching
(2113,3,2) branching
(2114,1,2) non-branching
(2114,2,2) non-branching
(2115,1,2) non-branching
(2115,2,2) branching
(2116,1,2) non-branching
(2117,1,2) branching
(2121,1,2) branching
(2124,1,2) non-branching
(2125,1,2) branching
(2127,1,2) branching
(2131,1,2) branching
(2133,1,2) branching
(2135,1,2) branching
(2136,2,2) branching
(2139,2,2) branching
(2140,3,2) branching
(2142,1,2) branching
(2149,1,2) non-branching
(2150,1,2) branching
(2160,1,2) non-branching
(2161,1,2) branching
(2163,2,2) branching
(2167,1,2) branching
(2169,1,2) branching
(2172,1,2) branching
(2174,2,2) non-branching
(2175,2,2) branching
(2177,4,2) branching
(2178,1,2) non-branching
(2179,1,2) branching
(2182,1,2) branching
(2190,2,2) branching
(2194,1,2) branching
(2198,1,2) branching
(2203,1,2) branching
(2204,2,2) non-branching
(2205,2,2) branching
(2212,1,2) non-branching
(2213,1,2) branching
(2214,2,2) branching
(2221,1,2) branching
(2224,1,2) branching
(2227,3,2) branching
(2228,1,2) branching
(2232,3,2) branching
(2233,1,2) branching
(2236,1,2) branching
(2243,2,2) branching
(2246,1,2) non-branching
(2247,1,2) branching
(2254,1,2) non-branching
(2254,2,2) non-branching
(2255,1,2) non-branching
(2255,2,2) branching
(2256,1,2) non-branching
(2257,1,2) branching
(2262,1,2) non-branching
(2262,2,2) branching
(2263,1,2) non-branching
(2264,1,2) branching
(2267,5,2) non-branching
(2268,5,2) branching
(2270,1,2) non-branching
(2270,6,2) non-branching
(2270,12,2) non-branching
(2271,1,2) branching
(2271,6,2) non-branching
(2271,12,2) non-branching
(2272,6,2) non-branching
(2272,12,2) non-branching
(2273,6,2) non-branching
(2273,12,2) non-branching
(2274,1,2) non-branching
(2274,2,2) non-branching
(2274,5,2) non-branching
(2274,6,2) non-branching
(2274,12,2) branching
(2275,1,2) non-branching
(2275,2,2) branching
(2275,5,2) branching
(2275,6,2) non-branching
(2276,1,2) non-branching
(2276,6,2) non-branching
(2277,1,2) branching
(2277,6,2) non-branching
(2278,6,2) non-branching
(2279,6,2) non-branching
(2280,1,2) non-branching
(2280,2,2) non-branching
(2280,5,2) non-branching
(2280,6,2) non-branching
(2281,1,2) non-branching
(2281,2,2) branching
(2281,5,2) branching
(2281,6,2) non-branching
(2282,1,2) non-branching
(2282,6,2) non-branching
(2283,1,2) branching
(2283,6,2) non-branching
(2284,6,2) non-branching
(2285,6,2) non-branching
(2286,1,2) non-branching
(2286,2,2) non-branching
(2286,5,2) non-branching
(2286,6,2) branching
(2287,1,2) non-branching
(2287,2,2) branching
(2287,5,2) branching
(2288,1,2) non-branching
(2289,1,2) branching
(2292,1,2) non-branching
(2292,2,2) non-branching
(2293,1,2) non-branching
(2293,2,2) branching
(2294,1,2) non-branching
(2295,1,2) branching
(2299,1,2) branching
(2305,2,2) branching
(2312,2,2) branching
(2313,5,2) non-branching
(2314,5,2) non-branching
(2315,1,2) branching
(2315,5,2) branching
(2319,6,2) branching
(2320,1,2) branching
(2325,5,2) branching
(2326,1,2) branching
(2331,1,2) non-branching
(2331,2,2) non-branching
(2332,1,2) non-branching
(2332,2,2) branching
(2333,1,2) non-branching
(2334,1,2) branching
(2338,1,2) branching
(2339,4,2) non-branching
(2340,4,2) branching
(2345,2,2) non-branching
(2346,2,2) non-branching
(2347,2,2) non-branching
(2348,2,2) branching
(2351,1,2) non-branching
(2352,1,2) branching
(2353,2,2) non-branching
(2353,4,2) non-branching
(2354,2,2) non-branching
(2354,4,2) branching
(2355,2,2) non-branching
(2356,2,2) non-branching
(2357,2,2) non-branching
(2358,2,2) branching
(2370,2,2) non-branching
(2371,2,2) branching
(2381,1,2) branching
(2384,2,2) branching
(2390,2,2) branching
(2396,1,2) non-branching
(2397,1,2) branching
(2401,1,2) branching
(2403,2,2) non-branching
(2404,2,2) branching
(2407,1,2) non-branching
(2408,1,2) branching
(2411,1,2) non-branching
(2412,1,2) branching
(2418,2,2) branching
(2418,7,2) branching
(2424,2,2) non-branching
(2425,2,2) branching
(2431,1,2) branching
(2431,4,2) non-branching
(2432,4,2) branching
(2438,1,2) branching
(2439,3,2) branching
(2445,2,2) branching
(2448,1,2) branching
(2454,1,2) branching
(2457,2,2) non-branching
(2458,2,2) non-branching
(2459,2,2) non-branching
(2460,2,2) branching
(2463,1,2) branching
(2464,2,2) branching
(2465,2,2) branching
(2469,2,2) branching
(2474,1,2) branching
(2481,1,2) branching
(2483,3,2) branching
(2488,1,2) branching
(2493,1,2) branching
(2504,2,2) branching
(2513,1,2) branching
(2515,1,2) branching
(2518,2,2) branching
(2522,1,2) branching
(2530,2,2) non-branching
(2531,2,2) branching
(2532,2,2) branching
(2532,3,2) branching
(2535,2,2) branching
(2538,1,2) non-branching
(2538,2,2) branching
(2539,1,2) non-branching
(2540,1,2) branching
(2546,1,2) non-branching
(2547,1,2) branching
(2548,2,2) non-branching
(2549,2,2) non-branching
(2550,2,2) non-branching
(2551,2,2) branching
(2556,2,2) branching
(2557,6,2) branching
(2559,1,2) branching
(2560,2,2) branching
(2561,2,2) branching
(2563,2,2) non-branching
(2564,2,2) branching
(2568,1,2) branching
(2570,4,2) branching
(2577,2,2) branching
(2580,3,2) branching
(2582,1,2) branching
(2583,2,2) non-branching
(2584,2,2) branching
(2587,1,2) branching
(2592,1,2) branching
(2597,1,2) non-branching
(2598,1,2) branching
(2601,1,2) branching
(2611,2,2) non-branching
(2612,2,2) branching
(2615,2,2) branching
(2623,2,2) non-branching
(2624,2,2) branching
(2625,2,2) branching
(2628,3,2) non-branching
(2629,3,2) branching
(2633,1,2) branching
(2636,2,2) branching
(2639,1,2) branching
(2643,2,2) branching
(2644,2,2) branching
(2651,2,2) branching
(2655,1,2) non-branching
(2656,1,2) branching
(2663,1,2) branching
(2666,2,2) branching
(2669,1,2) branching
(2672,2,2) branching
(2678,2,2) branching
(2680,4,2) branching
(2683,4,2) branching
(2685,1,2) branching
(2688,1,2) branching
(2688,3,2) non-branching
(2688,6,2) non-branching
(2689,3,2) non-branching
(2689,6,2) non-branching
(2690,3,2) non-branching
(2690,6,2) branching
(2691,1,2) branching
(2691,3,2) non-branching
(2692,3,2) non-branching
(2693,3,2) non-branching
(2694,1,2) branching
(2694,3,2) non-branching
(2695,3,2) non-branching
(2696,3,2) branching
(2697,1,2) branching
(2697,4,2) branching
(2700,1,2) non-branching
(2701,1,2) branching
(2706,1,2) non-branching
(2707,1,2) non-branching
(2708,1,2) branching
(2709,2,2) branching
(2710,2,2) branching
(2710,7,2) branching
(2716,2,2) non-branching
(2717,2,2) branching
(2723,1,2) branching
(2728,2,2) non-branching
(2729,2,2) branching
(2742,1,2) branching
(2750,1,2) branching
(2755,2,2) branching
(2759,1,2) branching
(2761,1,2) branching
(2767,1,2) non-branching
(2768,1,2) branching
(2771,2,2) branching
(2777,2,2) branching
(2780,1,2) branching
(2782,1,2) branching
(2786,1,2) non-branching
(2787,1,2) branching
(2790,1,2) branching
(2792,1,2) branching
(2801,2,2) branching
(2804,1,2) non-branching
(2804,2,2) branching
(2805,1,2) non-branching
(2806,1,2) branching
(2809,6,2) non-branching
(2810,6,2) branching
(2813,1,2) non-branching
(2814,1,2) branching
(2817,5,2) non-branching
(2818,5,2) branching
(2819,1,2) non-branching
(2819,2,2) branching
(2820,1,2) non-branching
(2821,1,2) branching
(2825,1,2) non-branching
(2825,2,2) non-branching
(2826,1,2) non-branching
(2826,2,2) branching
(2827,1,2) non-branching
(2828,1,2) branching
(2833,1,2) non-branching
(2834,1,2) branching
(2835,2,2) non-branching
(2836,2,2) branching
(2839,1,2) non-branching
(2839,2,2) non-branching
(2839,3,2) branching
(2840,1,2) non-branching
(2840,2,2) non-branching
(2841,1,2) non-branching
(2841,2,2) branching
(2842,1,2) non-branching
(2843,1,2) branching
(2847,1,2) non-branching
(2848,1,2) branching
(2849,2,2) non-branching
(2850,2,2) branching
(2854,1,2) branching
(2867,1,2) non-branching
(2867,2,2) branching
(2868,1,2) non-branching
(2869,1,2) branching
(2872,1,2) branching
(2873,2,2) branching
(2874,2,2) branching
(2879,1,2) non-branching
(2879,2,2) branching
(2880,1,2) non-branching
(2881,1,2) branching
(2890,2,2) branching
(2894,3,2) branching
(2895,2,2) non-branching
(2895,4,2) branching
(2896,2,2) non-branching
(2897,2,2) non-branching
(2898,2,2) branching
(2903,1,2) branching
(2908,2,2) branching
(2911,3,2) branching
(2912,1,2) branching
(2915,1,2) branching
(2918,3,2) branching
(2920,1,2) branching
(2925,3,2) branching
(2932,1,2) branching
(2934,2,2) non-branching
(2935,2,2) branching
(2936,2,2) branching
(2938,6,2) branching
(2946,3,2) branching
(2950,4,2) branching
(2952,3,2) branching
(2953,1,2) branching
(2958,1,2) branching
(2966,1,2) branching
(2967,3,2) non-branching
(2968,1,2) branching
(2968,3,2) branching
(2971,1,2) branching
(2982,2,2) non-branching
(2982,3,2) branching
(2983,2,2) non-branching
(2984,2,2) branching
(2985,2,2) branching
(2988,3,2) branching
(2990,1,2) branching
(3000,1,2) non-branching
(3001,1,2) branching
(3004,2,2) branching
(3015,1,2) branching
(3021,3,2) branching
(3025,1,2) non-branching
(3026,1,2) branching
(3027,2,2) non-branching
(3028,2,2) branching
(3035,1,2) branching
(3036,2,2) non-branching
(3037,2,2) branching
(3044,4,2) branching
(3046,1,2) non-branching
(3047,1,2) branching
(3051,3,2) branching
(3053,1,2) branching
(3058,1,2) branching
(3064,1,2) branching
(3066,2,2) non-branching
(3066,4,2) non-branching
(3067,2,2) non-branching
(3067,4,2) branching
(3068,2,2) non-branching
(3069,2,2) non-branching
(3070,2,2) non-branching
(3070,3,2) non-branching
(3071,2,2) branching
(3071,3,2) non-branching
(3072,3,2) branching
(3073,2,2) non-branching
(3074,2,2) branching
(3078,1,2) branching
(3081,2,2) non-branching
(3081,4,2) branching
(3082,2,2) branching
(3083,2,2) non-branching
(3084,2,2) non-branching
(3085,2,2) branching
(3092,3,2) branching
(3093,3,2) non-branching
(3093,5,2) non-branching
(3094,3,2) branching
(3094,5,2) branching
(3096,2,2) branching
(3101,2,2) branching
(3106,1,2) branching
(3113,2,2) branching
(3117,2,2) branching
(3120,1,2) non-branching
(3120,2,2) branching
(3121,1,2) non-branching
(3122,1,2) branching
(3125,1,2) branching
(3130,2,2) non-branching
(3131,2,2) branching
(3139,1,2) branching
(3145,3,2) branching
(3152,1,2) non-branching
(3152,2,2) branching
(3153,1,2) non-branching
(3154,1,2) branching
(3154,3,2) branching
(3157,1,2) branching
(3162,2,2) branching
(3166,1,2) non-branching
(3167,1,2) branching
(3175,2,2) non-branching
(3176,2,2) branching
(3177,2,2) branching
(3184,2,2) non-branching
(3185,2,2) branching
(3191,1,2) branching
(3195,1,2) branching
(3200,1,2) branching
(3209,1,2) branching
(3212,1,2) branching
(3214,1,2) branching
(3216,1,2) branching
(3217,3,2) branching
(3224,2,2) branching
(3225,2,2) branching
(3231,3,2) branching
(3233,1,2) branching
(3235,1,2) branching
(3239,3,2) non-branching
(3240,3,2) branching
(3241,2,2) branching
(3250,2,2) branching
(3252,4,2) branching
(3253,4,2) branching
(3254,1,2) branching
(3258,1,2) non-branching
(3259,1,2) branching
(3261,1,2) branching
(3263,1,2) branching
(3270,1,2) branching
(3273,1,2) branching
(3277,1,2) non-branching
(3278,1,2) branching
(3283,1,2) branching
(3289,2,2) non-branching
(3290,2,2) non-branching
(3291,2,2) branching
(3296,1,2) branching
(3299,1,2) branching
(3302,1,2) branching
(3302,3,2) non-branching
(3303,3,2) branching
(3308,2,2) branching
(3309,2,2) branching
(3314,1,2) branching
(3315,2,2) branching
(3328,1,2) branching
(3331,1,2) branching
(3332,2,2) non-branching
(3333,2,2) branching
(3337,1,2) branching
(3340,2,2) non-branching
(3340,3,2) non-branching
(3340,4,2) non-branching
(3341,2,2) non-branching
(3341,3,2) branching
(3341,4,2) non-branching
(3342,2,2) non-branching
(3342,4,2) branching
(3343,2,2) branching
(3344,2,2) non-branching
(3345,2,2) non-branching
(3346,2,2) branching
(3352,2,2) branching
(3357,1,2) branching
(3361,1,2) branching
(3364,1,2) non-branching
(3364,2,2) branching
(3365,1,2) non-branching
(3366,1,2) branching
(3369,4,2) branching
(3375,4,2) branching
(3376,1,2) non-branching
(3377,1,2) branching
(3380,1,2) non-branching
(3381,1,2) branching
(3385,1,2) branching
(3385,3,2) branching
(3388,1,2) branching
(3391,1,2) non-branching
(3392,1,2) branching
(3394,1,2) branching
(3397,1,2) branching
(3403,1,2) branching
(3410,1,2) non-branching
(3411,1,2) branching
(3421,2,2) branching
(3424,1,2) non-branching
(3425,1,2) branching
(3426,2,2) branching
(3429,1,2) branching
(3432,2,2) branching
(3443,1,2) branching
(3445,1,2) branching
(3448,1,2) branching
(3448,3,2) branching
(3451,1,2) branching
(3454,1,2) branching
(3459,1,2) non-branching
(3459,2,2) branching
(3460,1,2) non-branching
(3461,1,2) branching
(3464,1,2) branching
(3467,1,2) non-branching
(3467,2,2) non-branching
(3468,1,2) non-branching
(3468,2,2) branching
(3469,1,2) non-branching
(3470,1,2) branching
(3474,1,2) non-branching
(3474,3,2) non-branching
(3474,5,2) branching
(3475,1,2) branching
(3475,3,2) branching
(3478,1,2) non-branching
(3479,1,2) branching
(3482,1,2) non-branching
(3483,1,2) branching
(3485,2,2) branching
(3486,2,2) branching
(3489,3,2) branching
(3490,1,2) branching
(3493,1,2) non-branching
(3494,1,2) non-branching
(3495,1,2) branching
(3500,1,2) non-branching
(3501,1,2) non-branching
(3502,1,2) branching
(3505,1,2) branching
(3507,3,2) non-branching
(3508,1,2) branching
(3508,3,2) branching
(3509,3,2) non-branching
(3510,3,2) branching
(3511,1,2) branching
(3516,1,2) branching
(3518,1,2) non-branching
(3519,1,2) branching
(3525,1,2) branching
(3530,1,2) branching
(3532,1,2) branching
(3536,2,2) non-branching
(3537,2,2) branching
(3541,1,2) non-branching
(3542,1,2) branching
(3544,2,2) branching
(3550,2,2) branching
(3551,4,2) non-branching
(3552,4,2) non-branching
(3553,1,2) non-branching
(3553,4,2) branching
(3554,1,2) branching
(3557,1,2) non-branching
(3558,1,2) branching
(3558,4,2) branching
(3562,1,2) branching
(3564,2,2) branching
(3573,2,2) branching
(3573,3,2) branching
(3575,3,2) non-branching
(3576,2,2) branching
(3576,3,2) non-branching
(3577,3,2) non-branching
(3578,3,2) branching
(3578,4,2) branching
(3580,6,2) branching
(3583,1,2) branching
(3584,2,2) branching
(3585,2,2) non-branching
(3586,2,2) non-branching
(3587,2,2) branching
(3591,1,2) branching
(3593,1,2) non-branching
(3594,1,2) branching
(3598,1,2) non-branching
(3598,2,2) non-branching
(3599,1,2) non-branching
(3599,2,2) branching
(3600,1,2) non-branching
(3601,1,2) branching
(3607,1,2) branching
(3608,2,2) branching
(3611,1,2) branching
(3613,1,2) branching
(3620,1,2) non-branching
(3620,2,2) branching
(3621,1,2) non-branching
(3622,1,2) branching
(3631,1,2) non-branching
(3631,2,2) branching
(3632,1,2) non-branching
(3633,1,2) branching
(3635,1,2) non-branching
(3636,1,2) branching
(3637,4,2) branching
(3640,1,2) branching
(3643,2,2) branching
(3648,1,2) branching
(3650,1,2) branching
(3654,1,2) branching
(3659,1,2) non-branching
(3660,1,2) non-branching
(3661,1,2) branching
(3664,1,2) branching
(3671,1,2) branching
(3673,1,2) non-branching
(3674,1,2) branching
(3681,1,2) non-branching
(3682,1,2) branching
(3686,1,2) branching
(3690,1,2) non-branching
(3691,1,2) branching
(3698,2,2) branching
(3709,1,2) branching
(3712,1,2) branching
(3714,1,2) branching
(3732,2,2) branching
(3732,3,2) non-branching
(3733,3,2) branching
(3734,2,2) non-branching
(3735,2,2) branching
(3738,4,2) branching
(3739,1,2) branching
(3745,1,2) branching
(3749,1,2) branching
(3750,2,2) branching
(3754,2,2) branching
(3754,3,2) branching
(3757,2,2) non-branching
(3758,2,2) branching
(3759,2,2) branching
(3759,3,2) branching
(3761,5,2) non-branching
(3762,5,2) branching
(3764,2,2) branching
(3764,3,2) branching
(3767,2,2) non-branching
(3768,2,2) non-branching
(3769,2,2) branching
(3773,1,2) non-branching
(3774,1,2) branching
1045 481
